# JRE version: OpenJDK Runtime Environment (11.0.13) (build 11.0.13+0-b1751.21-8125866)
# Java VM: OpenJDK 64-Bit Server VM (11.0.13+0-b1751.21-8125866, mixed mode, tiered, compressed oops, g1 gc, windows-amd64)
Heap:
 garbage-first heap   total 260096K, used 106308K [0x0000000080000000, 0x0000000100000000)
  region size 1024K, 54 young (55296K), 15 survivors (15360K)
 Metaspace       used 84753K, capacity 86794K, committed 87076K, reserved 1124352K
  class space    used 10903K, capacity 11684K, committed 11724K, reserved 1048576K
GC Heap History (20 events):
Event: 4.210 GC heap before
{Heap before GC invocations=1 (full 0):
 garbage-first heap   total 260096K, used 113567K [0x0000000080000000, 0x0000000100000000)
  region size 1024K, 106 young (108544K), 3 survivors (3072K)
 Metaspace       used 20804K, capacity 21189K, committed 21296K, reserved 1069056K
  class space    used 2526K, capacity 2688K, committed 2688K, reserved 1048576K
}
Event: 4.223 GC heap after
{Heap after GC invocations=2 (full 0):
 garbage-first heap   total 260096K, used 17015K [0x0000000080000000, 0x0000000100000000)
  region size 1024K, 11 young (11264K), 11 survivors (11264K)
 Metaspace       used 20804K, capacity 21189K, committed 21296K, reserved 1069056K
  class space    used 2526K, capacity 2688K, committed 2688K, reserved 1048576K
}
Event: 4.649 GC heap before
{Heap before GC invocations=3 (full 0):
 garbage-first heap   total 260096K, used 37495K [0x0000000080000000, 0x0000000100000000)
  region size 1024K, 32 young (32768K), 11 survivors (11264K)
 Metaspace       used 22634K, capacity 23134K, committed 23216K, reserved 1069056K
  class space    used 2860K, capacity 3064K, committed 3072K, reserved 1048576K
}
Event: 4.658 GC heap after
{Heap after GC invocations=4 (full 0):
 garbage-first heap   total 260096K, used 18406K [0x0000000080000000, 0x0000000100000000)
  region size 1024K, 2 young (2048K), 2 survivors (2048K)
 Metaspace       used 22634K, capacity 23134K, committed 23216K, reserved 1069056K
  class space    used 2860K, capacity 3064K, committed 3072K, reserved 1048576K
}
Event: 7.068 GC heap before
{Heap before GC invocations=4 (full 0):
 garbage-first heap   total 260096K, used 97254K [0x0000000080000000, 0x0000000100000000)
  region size 1024K, 79 young (80896K), 2 survivors (2048K)
 Metaspace       used 30663K, capacity 31357K, committed 31408K, reserved 1077248K
  class space    used 4061K, capacity 4320K, committed 4352K, reserved 1048576K
}
Event: 7.072 GC heap after
{Heap after GC invocations=5 (full 0):
 garbage-first heap   total 260096K, used 20573K [0x0000000080000000, 0x0000000100000000)
  region size 1024K, 4 young (4096K), 4 survivors (4096K)
 Metaspace       used 30663K, capacity 31357K, committed 31408K, reserved 1077248K
  class space    used 4061K, capacity 4320K, committed 4352K, reserved 1048576K
}
Event: 7.795 GC heap before
{Heap before GC invocations=5 (full 0):
 garbage-first heap   total 260096K, used 32861K [0x0000000080000000, 0x0000000100000000)
  region size 1024K, 17 young (17408K), 4 survivors (4096K)
 Metaspace       used 34859K, capacity 35617K, committed 35708K, reserved 1081344K
  class space    used 4464K, capacity 4782K, committed 4812K, reserved 1048576K
}
Event: 7.807 GC heap after
{Heap after GC invocations=6 (full 0):
 garbage-first heap   total 260096K, used 22496K [0x0000000080000000, 0x0000000100000000)
  region size 1024K, 6 young (6144K), 6 survivors (6144K)
 Metaspace       used 34859K, capacity 35617K, committed 35708K, reserved 1081344K
  class space    used 4464K, capacity 4782K, committed 4812K, reserved 1048576K
}
Event: 10.968 GC heap before
{Heap before GC invocations=7 (full 0):
 garbage-first heap   total 260096K, used 145376K [0x0000000080000000, 0x0000000100000000)
  region size 1024K, 123 young (125952K), 6 survivors (6144K)
 Metaspace       used 45102K, capacity 46159K, committed 46332K, reserved 1089536K
  class space    used 5721K, capacity 6107K, committed 6220K, reserved 1048576K
}
Event: 10.987 GC heap after
{Heap after GC invocations=8 (full 0):
 garbage-first heap   total 260096K, used 30010K [0x0000000080000000, 0x0000000100000000)
  region size 1024K, 13 young (13312K), 13 survivors (13312K)
 Metaspace       used 45102K, capacity 46159K, committed 46332K, reserved 1089536K
  class space    used 5721K, capacity 6107K, committed 6220K, reserved 1048576K
}
Event: 15.269 GC heap before
{Heap before GC invocations=8 (full 0):
 garbage-first heap   total 260096K, used 170298K [0x0000000080000000, 0x0000000100000000)
  region size 1024K, 146 young (149504K), 13 survivors (13312K)
 Metaspace       used 54249K, capacity 55660K, committed 55804K, reserved 1097728K
  class space    used 6878K, capacity 7408K, committed 7500K, reserved 1048576K
}
Event: 15.287 GC heap after
{Heap after GC invocations=9 (full 0):
 garbage-first heap   total 260096K, used 43899K [0x0000000080000000, 0x0000000100000000)
  region size 1024K, 19 young (19456K), 19 survivors (19456K)
 Metaspace       used 54249K, capacity 55660K, committed 55804K, reserved 1097728K
  class space    used 6878K, capacity 7408K, committed 7500K, reserved 1048576K
}
Event: 16.297 GC heap before
{Heap before GC invocations=9 (full 0):
 garbage-first heap   total 260096K, used 72571K [0x0000000080000000, 0x0000000100000000)
  region size 1024K, 48 young (49152K), 19 survivors (19456K)
 Metaspace       used 58446K, capacity 59829K, committed 59940K, reserved 1101824K
  class space    used 7319K, capacity 7854K, committed 7884K, reserved 1048576K
}
Event: 16.333 GC heap after
{Heap after GC invocations=10 (full 0):
 garbage-first heap   total 260096K, used 47373K [0x0000000080000000, 0x0000000100000000)
  region size 1024K, 4 young (4096K), 4 survivors (4096K)
 Metaspace       used 58446K, capacity 59829K, committed 59940K, reserved 1101824K
  class space    used 7319K, capacity 7854K, committed 7884K, reserved 1048576K
}
Event: 19.659 GC heap before
{Heap before GC invocations=11 (full 0):
 garbage-first heap   total 260096K, used 153869K [0x0000000080000000, 0x0000000100000000)
  region size 1024K, 101 young (103424K), 4 survivors (4096K)
 Metaspace       used 66295K, capacity 67815K, committed 67876K, reserved 1107968K
  class space    used 8331K, capacity 8899K, committed 8908K, reserved 1048576K
}
Event: 19.669 GC heap after
{Heap after GC invocations=12 (full 0):
 garbage-first heap   total 260096K, used 53477K [0x0000000080000000, 0x0000000100000000)
  region size 1024K, 10 young (10240K), 10 survivors (10240K)
 Metaspace       used 66295K, capacity 67815K, committed 67876K, reserved 1107968K
  class space    used 8331K, capacity 8899K, committed 8908K, reserved 1048576K
}
Event: 22.899 GC heap before
{Heap before GC invocations=12 (full 0):
 garbage-first heap   total 260096K, used 156901K [0x0000000080000000, 0x0000000100000000)
  region size 1024K, 111 young (113664K), 10 survivors (10240K)
 Metaspace       used 74429K, capacity 76180K, committed 76452K, reserved 1116160K
  class space    used 9580K, capacity 10221K, committed 10316K, reserved 1048576K
}
Event: 22.915 GC heap after
{Heap after GC invocations=13 (full 0):
 garbage-first heap   total 260096K, used 60026K [0x0000000080000000, 0x0000000100000000)
  region size 1024K, 7 young (7168K), 7 survivors (7168K)
 Metaspace       used 74429K, capacity 76180K, committed 76452K, reserved 1116160K
  class space    used 9580K, capacity 10221K, committed 10316K, reserved 1048576K
}
Event: 35.866 GC heap before
{Heap before GC invocations=13 (full 0):
 garbage-first heap   total 260096K, used 167546K [0x0000000080000000, 0x0000000100000000)
  region size 1024K, 113 young (115712K), 7 survivors (7168K)
 Metaspace       used 84355K, capacity 86338K, committed 86564K, reserved 1124352K
  class space    used 10864K, capacity 11640K, committed 11724K, reserved 1048576K
}
Event: 35.886 GC heap after
{Heap after GC invocations=14 (full 0):
 garbage-first heap   total 260096K, used 68420K [0x0000000080000000, 0x0000000100000000)
  region size 1024K, 15 young (15360K), 15 survivors (15360K)
 Metaspace       used 84355K, capacity 86338K, committed 86564K, reserved 1124352K
  class space    used 10864K, capacity 11640K, committed 11724K, reserved 1048576K
}

